<?xml version="1.0" encoding="UTF-8"?>
<testng-results skipped="0" failed="0" ignored="0" total="1" passed="1">
  <reporter-output>
  </reporter-output>
  <suite name="Default suite" duration-ms="173697" started-at="2018-08-03T19:46:42Z" finished-at="2018-08-03T19:49:35Z">
    <groups>
    </groups>
    <test name="Default test" duration-ms="173697" started-at="2018-08-03T19:46:42Z" finished-at="2018-08-03T19:49:35Z">
      <class name="NewTest">
        <test-method status="PASS" signature="setUpAppium()[pri:0, instance:NewTest@5c072e3f]" name="setUpAppium" is-config="true" duration-ms="17142" started-at="2018-08-03T19:46:42Z" finished-at="2018-08-03T19:46:59Z">
          <reporter-output>
          </reporter-output>
        </test-method> <!-- setUpAppium -->
        <test-method status="PASS" signature="mytest()[pri:0, instance:NewTest@5c072e3f]" name="mytest" duration-ms="153320" started-at="2018-08-03T19:46:59Z" finished-at="2018-08-03T19:49:32Z">
          <reporter-output>
          </reporter-output>
        </test-method> <!-- mytest -->
        <test-method status="PASS" signature="CleanUpAppium()[pri:0, instance:NewTest@5c072e3f]" name="CleanUpAppium" is-config="true" duration-ms="3183" started-at="2018-08-03T19:49:32Z" finished-at="2018-08-03T19:49:35Z">
          <reporter-output>
          </reporter-output>
        </test-method> <!-- CleanUpAppium -->
      </class> <!-- NewTest -->
    </test> <!-- Default test -->
  </suite> <!-- Default suite -->
</testng-results>
